<?xml version="1.0" encoding="UTF-8"?>
<testsuite xmlns:xsi="http://www.w3.org/2001/XMLSchema-instance" xsi:noNamespaceSchemaLocation="https://maven.apache.org/surefire/maven-surefire-plugin/xsd/surefire-test-report-3.0.xsd" version="3.0" name="com.example.usermanagementservice.mapper.UserMapperTest" time="0.5" tests="5" errors="0" skipped="0" failures="0">
  <properties>
[...]
</properties>
  <testcase name="userToUserSoi_null" classname="com.example.usermanagementservice.mapper.UserMapperTest" time="0.461"/>
  <testcase name="userToUserSoi" classname="com.example.usermanagementservice.mapper.UserMapperTest" time="0.01"/>
  <testcase name="userToDto" classname="com.example.usermanagementservice.mapper.UserMapperTest" time="0.009"/>
  <testcase name="requestToUser" classname="com.example.usermanagementservice.mapper.UserMapperTest" time="0.002"/>
  <testcase name="userToDto_null" classname="com.example.usermanagementservice.mapper.UserMapperTest" time="0.001"/>
</testsuite>