<?xml version="1.0" encoding="UTF-8"?>
<testsuite xmlns:xsi="http://www.w3.org/2001/XMLSchema-instance" xsi:noNamespaceSchemaLocation="https://maven.apache.org/surefire/maven-surefire-plugin/xsd/surefire-test-report-3.0.xsd" version="3.0" name="com.example.usermanagementservice.controller.UserControllerTest" time="1.005" tests="6" errors="0" skipped="0" failures="0">
  <properties>
[...]
</properties>
  <testcase name="getCurrentUser_success" classname="com.example.usermanagementservice.controller.UserControllerTest" time="0.037">
    <system-out><![CDATA[11:56:35.310 [main] INFO org.springframework.test.context.support.AnnotationConfigContextLoaderUtils -- Could not detect default configuration classes for test class [com.example.usermanagementservice.controller.UserControllerTest]: UserControllerTest does not declare any static, non-private, non-final, nested classes annotated with @Configuration.
11:56:35.379 [main] INFO org.springframework.boot.test.context.SpringBootTestContextBootstrapper -- Found @SpringBootConfiguration com.example.usermanagementservice.UserManagementApplication for test class com.example.usermanagementservice.controller.UserControllerTest

  .   ____          _            __ _ _
 /\\ / ___'_ __ _ _(_)_ __  __ _ \ \ \ \
( ( )\___ | '_ | '_| | '_ \/ _` | \ \ \ \
 \\/  ___)| |_)| | | | | || (_| |  ) ) ) )
  '  |____| .__|_| |_|_| |_\__, | / / / /
 =========|_|==============|___/=/_/_/_/
 :: Spring Boot ::                (v3.2.5)

2026-07-17T11:56:35.627+01:00  INFO 48509 --- [user-management-service] [           main] c.e.u.controller.UserControllerTest      : Starting UserControllerTest using Java 17.0.16 with PID 48509 (started by bradley.clemson in /Users/bradley.clemson/IdeaProjects/user-management-service)
2026-07-17T11:56:35.628+01:00 DEBUG 48509 --- [user-management-service] [           main] c.e.u.controller.UserControllerTest      : Running with Spring Boot v3.2.5, Spring v6.1.6
2026-07-17T11:56:35.628+01:00  INFO 48509 --- [user-management-service] [           main] c.e.u.controller.UserControllerTest      : No active profile set, falling back to 1 default profile: "default"
2026-07-17T11:56:36.094+01:00  WARN 48509 --- [user-management-service] [           main] .s.s.UserDetailsServiceAutoConfiguration : 

Using generated security password: a6aa3e89-2306-4320-aed8-2612e1e5ec5c

This generated password is for development use only. Your security configuration must be updated before running your application in production.

2026-07-17T11:56:36.151+01:00  INFO 48509 --- [user-management-service] [           main] o.s.s.web.DefaultSecurityFilterChain     : Will secure any request with [org.springframework.security.web.session.DisableEncodeUrlFilter@3b01897f, org.springframework.security.web.context.request.async.WebAsyncManagerIntegrationFilter@6b3b2c34, org.springframework.security.web.context.SecurityContextHolderFilter@69f69078, org.springframework.security.web.header.HeaderWriterFilter@1dfcf85a, org.springframework.web.filter.CorsFilter@28b5d5dc, org.springframework.security.web.csrf.CsrfFilter@99c3cee, org.springframework.security.web.authentication.logout.LogoutFilter@6fa3def8, org.springframework.security.web.authentication.UsernamePasswordAuthenticationFilter@681311a7, org.springframework.security.web.authentication.ui.DefaultLoginPageGeneratingFilter@6106dfb6, org.springframework.security.web.authentication.ui.DefaultLogoutPageGeneratingFilter@407f2029, org.springframework.security.web.authentication.www.BasicAuthenticationFilter@3eedd0e3, org.springframework.security.web.savedrequest.RequestCacheAwareFilter@25589735, org.springframework.security.web.servletapi.SecurityContextHolderAwareRequestFilter@46994f26, org.springframework.security.web.authentication.AnonymousAuthenticationFilter@77020328, org.springframework.security.web.access.ExceptionTranslationFilter@1115be8c, org.springframework.security.web.access.intercept.AuthorizationFilter@690ed13a]
2026-07-17T11:56:36.169+01:00  INFO 48509 --- [user-management-service] [           main] o.s.b.t.m.w.SpringBootMockServletContext : Initializing Spring TestDispatcherServlet ''
2026-07-17T11:56:36.169+01:00  INFO 48509 --- [user-management-service] [           main] o.s.t.web.servlet.TestDispatcherServlet  : Initializing Servlet ''
2026-07-17T11:56:36.170+01:00  INFO 48509 --- [user-management-service] [           main] o.s.t.web.servlet.TestDispatcherServlet  : Completed initialization in 0 ms
2026-07-17T11:56:36.185+01:00  INFO 48509 --- [user-management-service] [           main] c.e.u.controller.UserControllerTest      : Started UserControllerTest in 0.715 seconds (process running for 1.807)
2026-07-17T11:56:36.208+01:00  INFO 48509 --- [user-management-service] [           main] c.e.u.controller.UserControllerImpl      : Attempting to retrieve the current user null
2026-07-17T11:56:36.209+01:00  INFO 48509 --- [user-management-service] [           main] c.e.u.controller.UserControllerImpl      : Successfully retrieved the current user null
]]></system-out>
  </testcase>
  <testcase name="getUserByPrimaryEmail_success" classname="com.example.usermanagementservice.controller.UserControllerTest" time="0.026">
    <system-out><![CDATA[2026-07-17T11:56:36.232+01:00  INFO 48509 --- [user-management-service] [           main] c.e.u.controller.UserControllerImpl      : Attempting to retrieve the user with email john.doe@example.com
2026-07-17T11:56:36.232+01:00  INFO 48509 --- [user-management-service] [           main] c.e.u.controller.UserControllerImpl      : Successfully retrieved the user with email john.doe@example.com
]]></system-out>
  </testcase>
  <testcase name="getUserSoi_success" classname="com.example.usermanagementservice.controller.UserControllerTest" time="0.003">
    <system-out><![CDATA[2026-07-17T11:56:36.254+01:00  INFO 48509 --- [user-management-service] [           main] c.e.u.controller.UserControllerImpl      : Attempting to retrieve the SOI for user 4ffbdfcc-e838-4628-bb46-b541bfa61166
2026-07-17T11:56:36.254+01:00  INFO 48509 --- [user-management-service] [           main] c.e.u.controller.UserControllerImpl      : Successfully retrieved the SOI for user 4ffbdfcc-e838-4628-bb46-b541bfa61166
]]></system-out>
  </testcase>
  <testcase name="getUser_success" classname="com.example.usermanagementservice.controller.UserControllerTest" time="0.002">
    <system-out><![CDATA[2026-07-17T11:56:36.258+01:00  INFO 48509 --- [user-management-service] [           main] c.e.u.controller.UserControllerImpl      : Attempting to retrieve the user 38614e95-bfd1-43b5-873c-1663e082535b
2026-07-17T11:56:36.258+01:00  INFO 48509 --- [user-management-service] [           main] c.e.u.controller.UserControllerImpl      : Successfully retrieved the user 38614e95-bfd1-43b5-873c-1663e082535b
]]></system-out>
  </testcase>
  <testcase name="createUser_success" classname="com.example.usermanagementservice.controller.UserControllerTest" time="0.012">
    <system-out><![CDATA[2026-07-17T11:56:36.270+01:00  INFO 48509 --- [user-management-service] [           main] c.e.u.controller.UserControllerImpl      : Attempting to create user John Doe with systemUserId of 74b06f3f-bb36-41a3-a30c-fb3a72cb84a5
2026-07-17T11:56:36.270+01:00  INFO 48509 --- [user-management-service] [           main] c.e.u.controller.UserControllerImpl      : Successfully created user John Doe with systemUserId of 74b06f3f-bb36-41a3-a30c-fb3a72cb84a5
]]></system-out>
  </testcase>
  <testcase name="userSearch_success" classname="com.example.usermanagementservice.controller.UserControllerTest" time="0.011">
    <system-out><![CDATA[2026-07-17T11:56:36.276+01:00  INFO 48509 --- [user-management-service] [           main] c.e.u.controller.UserControllerImpl      : attempting to search for user with name John Smith, page 0, size 25, sort NAME, direction ASC
2026-07-17T11:56:36.276+01:00  INFO 48509 --- [user-management-service] [           main] c.e.u.controller.UserControllerImpl      : successfully searched for user with name John Smith, page 0, size 25, sort NAME, direction ASC
]]></system-out>
  </testcase>
</testsuite>